# JRE version: OpenJDK Runtime Environment (8.0_242-b01) (build 1.8.0_242-release-1644-b01)
# Java VM: OpenJDK 64-Bit Server VM (25.242-b01 mixed mode windows-amd64 compressed oops)
Heap:
 PSYoungGen      total 605696K, used 556699K [0x00000000d5580000, 0x0000000100000000, 0x0000000100000000)
  eden space 530944K, 90% used [0x00000000d5580000,0x00000000f2c71980,0x00000000f5c00000)
  from space 74752K, 99% used [0x00000000f5c00000,0x00000000fa4b52f0,0x00000000fa500000)
  to   space 93184K, 0% used [0x00000000fa500000,0x00000000fa500000,0x0000000100000000)
 ParOldGen       total 286208K, used 226445K [0x0000000080000000, 0x0000000091780000, 0x00000000d5580000)
  object space 286208K, 79% used [0x0000000080000000,0x000000008dd236e0,0x0000000091780000)
 Metaspace       used 126703K, capacity 135356K, committed 135576K, reserved 1167360K
  class space    used 16385K, capacity 18082K, committed 18088K, reserved 1048576K
GC Heap History (10 events):
Event: 2037.496 GC heap before
{Heap before GC invocations=31 (full 4):
 PSYoungGen      total 604672K, used 604668K [0x00000000d5580000, 0x0000000100000000, 0x0000000100000000)
  eden space 561664K, 100% used [0x00000000d5580000,0x00000000f7a00000,0x00000000f7a00000)
  from space 43008K, 99% used [0x00000000fd600000,0x00000000fffff3f8,0x0000000100000000)
  to   space 68608K, 0% used [0x00000000f7a00000,0x00000000f7a00000,0x00000000fbd00000)
 ParOldGen       total 286208K, used 142685K [0x0000000080000000, 0x0000000091780000, 0x00000000d5580000)
  object space 286208K, 49% used [0x0000000080000000,0x0000000088b577b0,0x0000000091780000)
 Metaspace       used 112285K, capacity 119266K, committed 119576K, reserved 1153024K
  class space    used 14671K, capacity 16067K, committed 16168K, reserved 1048576K
Event: 2037.562 GC heap after
Heap after GC invocations=31 (full 4):
 PSYoungGen      total 630272K, used 18534K [0x00000000d5580000, 0x0000000100000000, 0x0000000100000000)
  eden space 561664K, 0% used [0x00000000d5580000,0x00000000d5580000,0x00000000f7a00000)
  from space 68608K, 27% used [0x00000000f7a00000,0x00000000f8c19b48,0x00000000fbd00000)
  to   space 65536K, 0% used [0x00000000fc000000,0x00000000fc000000,0x0000000100000000)
 ParOldGen       total 286208K, used 181910K [0x0000000080000000, 0x0000000091780000, 0x00000000d5580000)
  object space 286208K, 63% used [0x0000000080000000,0x000000008b1a58f0,0x0000000091780000)
 Metaspace       used 112285K, capacity 119266K, committed 119576K, reserved 1153024K
  class space    used 14671K, capacity 16067K, committed 16168K, reserved 1048576K
}
Event: 3410.737 GC heap before
{Heap before GC invocations=32 (full 4):
 PSYoungGen      total 630272K, used 580198K [0x00000000d5580000, 0x0000000100000000, 0x0000000100000000)
  eden space 561664K, 100% used [0x00000000d5580000,0x00000000f7a00000,0x00000000f7a00000)
  from space 68608K, 27% used [0x00000000f7a00000,0x00000000f8c19b48,0x00000000fbd00000)
  to   space 65536K, 0% used [0x00000000fc000000,0x00000000fc000000,0x0000000100000000)
 ParOldGen       total 286208K, used 181910K [0x0000000080000000, 0x0000000091780000, 0x00000000d5580000)
  object space 286208K, 63% used [0x0000000080000000,0x000000008b1a58f0,0x0000000091780000)
 Metaspace       used 121997K, capacity 129956K, committed 130200K, reserved 1161216K
  class space    used 15871K, capacity 17457K, committed 17576K, reserved 1048576K
Event: 3410.758 GC heap after
Heap after GC invocations=32 (full 4):
 PSYoungGen      total 620032K, used 26164K [0x00000000d5580000, 0x00000000ff600000, 0x0000000100000000)
  eden space 564736K, 0% used [0x00000000d5580000,0x00000000d5580000,0x00000000f7d00000)
  from space 55296K, 47% used [0x00000000fc000000,0x00000000fd98d380,0x00000000ff600000)
  to   space 61952K, 0% used [0x00000000f7d00000,0x00000000f7d00000,0x00000000fb980000)
 ParOldGen       total 286208K, used 181918K [0x0000000080000000, 0x0000000091780000, 0x00000000d5580000)
  object space 286208K, 63% used [0x0000000080000000,0x000000008b1a78f0,0x0000000091780000)
 Metaspace       used 121997K, capacity 129956K, committed 130200K, reserved 1161216K
  class space    used 15871K, capacity 17457K, committed 17576K, reserved 1048576K
}
Event: 3505.496 GC heap before
{Heap before GC invocations=33 (full 4):
 PSYoungGen      total 620032K, used 590900K [0x00000000d5580000, 0x00000000ff600000, 0x0000000100000000)
  eden space 564736K, 100% used [0x00000000d5580000,0x00000000f7d00000,0x00000000f7d00000)
  from space 55296K, 47% used [0x00000000fc000000,0x00000000fd98d380,0x00000000ff600000)
  to   space 61952K, 0% used [0x00000000f7d00000,0x00000000f7d00000,0x00000000fb980000)
 ParOldGen       total 286208K, used 181918K [0x0000000080000000, 0x0000000091780000, 0x00000000d5580000)
  object space 286208K, 63% used [0x0000000080000000,0x000000008b1a78f0,0x0000000091780000)
 Metaspace       used 126427K, capacity 135028K, committed 135320K, reserved 1167360K
  class space    used 16365K, capacity 18034K, committed 18088K, reserved 1048576K
Event: 3505.523 GC heap after
Heap after GC invocations=33 (full 4):
 PSYoungGen      total 626688K, used 36237K [0x00000000d5580000, 0x0000000100000000, 0x0000000100000000)
  eden space 564736K, 0% used [0x00000000d5580000,0x00000000d5580000,0x00000000f7d00000)
  from space 61952K, 58% used [0x00000000f7d00000,0x00000000fa063488,0x00000000fb980000)
  to   space 62464K, 0% used [0x00000000fc300000,0x00000000fc300000,0x0000000100000000)
 ParOldGen       total 286208K, used 181926K [0x0000000080000000, 0x0000000091780000, 0x00000000d5580000)
  object space 286208K, 63% used [0x0000000080000000,0x000000008b1a98f0,0x0000000091780000)
 Metaspace       used 126427K, capacity 135028K, committed 135320K, reserved 1167360K
  class space    used 16365K, capacity 18034K, committed 18088K, reserved 1048576K
}
Event: 3506.817 GC heap before
{Heap before GC invocations=34 (full 4):
 PSYoungGen      total 626688K, used 600973K [0x00000000d5580000, 0x0000000100000000, 0x0000000100000000)
  eden space 564736K, 100% used [0x00000000d5580000,0x00000000f7d00000,0x00000000f7d00000)
  from space 61952K, 58% used [0x00000000f7d00000,0x00000000fa063488,0x00000000fb980000)
  to   space 62464K, 0% used [0x00000000fc300000,0x00000000fc300000,0x0000000100000000)
 ParOldGen       total 286208K, used 181926K [0x0000000080000000, 0x0000000091780000, 0x00000000d5580000)
  object space 286208K, 63% used [0x0000000080000000,0x000000008b1a98f0,0x0000000091780000)
 Metaspace       used 126650K, capacity 135282K, committed 135320K, reserved 1167360K
  class space    used 16382K, capacity 18081K, committed 18088K, reserved 1048576K
Event: 3506.910 GC heap after
Heap after GC invocations=34 (full 4):
 PSYoungGen      total 593408K, used 62443K [0x00000000d5580000, 0x0000000100000000, 0x0000000100000000)
  eden space 530944K, 0% used [0x00000000d5580000,0x00000000d5580000,0x00000000f5c00000)
  from space 62464K, 99% used [0x00000000fc300000,0x00000000ffffaf40,0x0000000100000000)
  to   space 83968K, 0% used [0x00000000f5c00000,0x00000000f5c00000,0x00000000fae00000)
 ParOldGen       total 286208K, used 214719K [0x0000000080000000, 0x0000000091780000, 0x00000000d5580000)
  object space 286208K, 75% used [0x0000000080000000,0x000000008d1afff0,0x0000000091780000)
 Metaspace       used 126650K, capacity 135282K, committed 135320K, reserved 1167360K
  class space    used 16382K, capacity 18081K, committed 18088K, reserved 1048576K
}
Event: 3507.466 GC heap before
{Heap before GC invocations=35 (full 4):
 PSYoungGen      total 593408K, used 593387K [0x00000000d5580000, 0x0000000100000000, 0x0000000100000000)
  eden space 530944K, 100% used [0x00000000d5580000,0x00000000f5c00000,0x00000000f5c00000)
  from space 62464K, 99% used [0x00000000fc300000,0x00000000ffffaf40,0x0000000100000000)
  to   space 83968K, 0% used [0x00000000f5c00000,0x00000000f5c00000,0x00000000fae00000)
 ParOldGen       total 286208K, used 214847K [0x0000000080000000, 0x0000000091780000, 0x00000000d5580000)
  object space 286208K, 75% used [0x0000000080000000,0x000000008d1cfc78,0x0000000091780000)
 Metaspace       used 126675K, capacity 135348K, committed 135576K, reserved 1167360K
  class space    used 16384K, capacity 18082K, committed 18088K, reserved 1048576K
Event: 3507.536 GC heap after
Heap after GC invocations=35 (full 4):
 PSYoungGen      total 605696K, used 74452K [0x00000000d5580000, 0x0000000100000000, 0x0000000100000000)
  eden space 530944K, 0% used [0x00000000d5580000,0x00000000d5580000,0x00000000f5c00000)
  from space 74752K, 99% used [0x00000000f5c00000,0x00000000fa4b52f0,0x00000000fa500000)
  to   space 93184K, 0% used [0x00000000fa500000,0x00000000fa500000,0x0000000100000000)
 ParOldGen       total 286208K, used 226445K [0x0000000080000000, 0x0000000091780000, 0x00000000d5580000)
  object space 286208K, 79% used [0x0000000080000000,0x000000008dd236e0,0x0000000091780000)
 Metaspace       used 126675K, capacity 135348K, committed 135576K, reserved 1167360K
  class space    used 16384K, capacity 18082K, committed 18088K, reserved 1048576K
}

